<?xml version="1.0" encoding="UTF-8"?>
<!-- Generated by org.testng.reporters.JUnitReportReporter -->
<testsuite hostname="Pravin-Srivastava" failures="0" tests="1" name="session03.Test_PostMethod" time="6.331" errors="0" timestamp="2024-01-11T19:41:44 IST" skipped="0">
  <testcase classname="session03.Test_PostMethod" name="test03" time="6.331"/>
  <system-out/>
</testsuite> <!-- session03.Test_PostMethod -->
