<?xml version="1.0" encoding="UTF-8"?>
<!-- Generated by org.testng.reporters.JUnitReportReporter -->
<testsuite hostname="Pravin-Srivastava" failures="0" tests="1" name="session03.Test_PostMethod" time="4.764" errors="0" timestamp="2023-11-24T18:02:55 IST" skipped="0">
  <testcase classname="session03.Test_PostMethod" name="test03" time="4.764"/>
  <system-out/>
</testsuite> <!-- session03.Test_PostMethod -->
