<?xml version="1.0" encoding="UTF-8"?>
<!-- Generated by org.testng.reporters.JUnitReportReporter -->
<testsuite hostname="Pravin-Srivastava" failures="0" tests="1" name="session20.SerializationAndDeserialization" time="4.439" errors="0" timestamp="2023-11-06T19:13:41 IST" skipped="0">
  <testcase classname="session20.SerializationAndDeserialization" name="CreateJSONObjectFromEmployeeClassObject" time="4.439"/>
  <system-out/>
</testsuite> <!-- session20.SerializationAndDeserialization -->
