<?xml version="1.0" encoding="UTF-8"?>
<!-- Generated by org.testng.reporters.JUnitReportReporter -->
<testsuite hostname="Pravin-Srivastava" failures="0" tests="1" name="session03.Test_PutMethod" time="4.530" errors="0" timestamp="2023-11-24T18:04:07 IST" skipped="0">
  <testcase classname="session03.Test_PutMethod" name="test04" time="4.530"/>
  <system-out/>
</testsuite> <!-- session03.Test_PutMethod -->
