<?xml version="1.0" encoding="UTF-8"?>
<!-- Generated by org.testng.reporters.JUnitReportReporter -->
<testsuite hostname="Pravin-Srivastava" failures="0" tests="1" name="session06.ValidateJsonResponseBody" time="5.199" errors="0" timestamp="2024-01-11T18:50:08 IST" skipped="0">
  <testcase classname="session06.ValidateJsonResponseBody" name="UserListResponseBody" time="5.199"/>
  <system-out/>
</testsuite> <!-- session06.ValidateJsonResponseBody -->
