<?xml version="1.0" encoding="UTF-8"?>
<!-- Generated by org.testng.reporters.JUnitReportReporter -->
<testsuite hostname="Pravin-Srivastava" failures="0" tests="1" name="session06.ValidateJsonResponseBody" time="4.203" errors="0" timestamp="2023-11-05T14:48:41 IST" skipped="0">
  <testcase classname="session06.ValidateJsonResponseBody" name="UserListResponseBody" time="4.203"/>
  <system-out/>
</testsuite> <!-- session06.ValidateJsonResponseBody -->
