<?xml version="1.0" encoding="UTF-8"?>
<!-- Generated by org.testng.reporters.JUnitReportReporter -->
<testsuite hostname="Pravin-Srivastava" failures="0" tests="1" name="session17.JSONObjectUsingJacksonAPI" time="4.697" errors="0" timestamp="2023-11-24T18:11:13 IST" skipped="0">
  <testcase classname="session17.JSONObjectUsingJacksonAPI" name="CreateUser" time="4.697"/>
  <system-out/>
</testsuite> <!-- session17.JSONObjectUsingJacksonAPI -->
