<?xml version="1.0" encoding="UTF-8"?>
<!-- Generated by org.testng.reporters.JUnitReportReporter -->
<testsuite hostname="Pravin-Srivastava" failures="0" tests="2" name="session16.JSONArrayDemo" time="4.779" errors="0" timestamp="2023-11-24T18:08:03 IST" skipped="1">
  <testcase classname="session16.JSONArrayDemo" name="CreateJSonArrayUsingList" time="4.779"/>
  <system-out/>
  <testcase classname="session16.JSONArrayDemo" name="createUserUsingJSONArray">
    <skipped/>
  </testcase> <!-- createUserUsingJSONArray -->
  <system-out/>
</testsuite> <!-- session16.JSONArrayDemo -->
