<?xml version="1.0" encoding="UTF-8"?>
<!-- Generated by org.testng.reporters.JUnitReportReporter -->
<testsuite hostname="Pravin-Srivastava" failures="0" tests="3" name="session04.CheckForValidResponse" time="4.712" errors="0" timestamp="2024-01-10T22:31:13 IST" skipped="2">
  <testcase classname="session04.CheckForValidResponse" name="GetSingleUser_BDDStyle" time="4.712"/>
  <system-out/>
  <testcase classname="session04.CheckForValidResponse" name="GetSingleUser">
    <skipped/>
  </testcase> <!-- GetSingleUser -->
  <system-out/>
  <testcase classname="session04.CheckForValidResponse" name="GetSingleUserUsingValidatableResponse">
    <skipped/>
  </testcase> <!-- GetSingleUserUsingValidatableResponse -->
  <system-out/>
</testsuite> <!-- session04.CheckForValidResponse -->
