<?xml version="1.0" encoding="UTF-8"?>
<!-- Generated by org.testng.reporters.JUnitReportReporter -->
<testsuite hostname="Pravin-Srivastava" failures="0" tests="1" name="FirstGetRequest" time="4.535" errors="0" timestamp="2024-01-17T19:17:00 IST" skipped="0">
  <testcase classname="FirstGetRequest" name="testcase01" time="4.535"/>
  <system-out/>
</testsuite> <!-- FirstGetRequest -->
