<?xml version="1.0" encoding="UTF-8"?>
<!-- Generated by org.testng.reporters.JUnitReportReporter -->
<testsuite hostname="Pravin-Srivastava" failures="0" tests="1" name="session03.Test_DeleteMethod" time="4.521" errors="0" timestamp="2023-11-24T18:01:40 IST" skipped="0">
  <testcase classname="session03.Test_DeleteMethod" name="test06" time="4.521"/>
  <system-out/>
</testsuite> <!-- session03.Test_DeleteMethod -->
