<?xml version="1.0" encoding="UTF-8"?>
<!-- Generated by org.testng.reporters.JUnitReportReporter -->
<testsuite hostname="Pravin-Srivastava" failures="0" tests="1" name="session03.Test_DeleteMethod" time="3.805" errors="0" timestamp="2023-12-01T03:32:12 IST" skipped="0">
  <testcase classname="session03.Test_DeleteMethod" name="test06" time="3.805"/>
  <system-out/>
</testsuite> <!-- session03.Test_DeleteMethod -->
