<?xml version="1.0" encoding="UTF-8"?>
<!-- Generated by org.testng.reporters.JUnitReportReporter -->
<testsuite hostname="Pravin-Srivastava" failures="0" tests="1" name="TestRunner.Cucu_TestRunner" time="4.541" errors="0" timestamp="2024-01-27T15:00:39 IST" skipped="0">
  <testcase classname="TestRunner.Cucu_TestRunner" name="runScenario" time="4.541"/>
  <system-out/>
</testsuite> <!-- TestRunner.Cucu_TestRunner -->
